<?xml version="1.0" encoding="UTF-8"?>
<!-- Generated by org.testng.reporters.JUnitReportReporter -->
<testsuite hostname="AbdallahAfaneh" failures="0" tests="1" name="SignUpTest" time="0.452" errors="0" timestamp="2023-10-23T11:43:51 AST" skipped="0">
  <testcase classname="SignUpTest" name="myTestOne" time="0.452"/>
  <system-out/>
</testsuite> <!-- SignUpTest -->
